2023-09-11T03:44:19.285Z [error] uncaughtException: redis is not defined
ReferenceError: redis is not defined
    at Object.<anonymous> (C:\Users\black\seodev\develope\tikitaka_server\server.js:36:4)
    at Module._compile (node:internal/modules/cjs/loader:1256:14)
    at Module._extensions..js (node:internal/modules/cjs/loader:1310:10)
    at Module.load (node:internal/modules/cjs/loader:1119:32)
    at Module._load (node:internal/modules/cjs/loader:960:12)
    at Function.executeUserEntryPoint [as runMain] (node:internal/modules/run_main:81:12)
    at node:internal/main/run_main_module:23:47
2023-09-11T03:44:40.928Z [error] uncaughtException: redis is not defined
ReferenceError: redis is not defined
    at Object.<anonymous> (C:\Users\black\seodev\develope\tikitaka_server\server.js:36:4)
    at Module._compile (node:internal/modules/cjs/loader:1256:14)
    at Module._extensions..js (node:internal/modules/cjs/loader:1310:10)
    at Module.load (node:internal/modules/cjs/loader:1119:32)
    at Module._load (node:internal/modules/cjs/loader:960:12)
    at Function.executeUserEntryPoint [as runMain] (node:internal/modules/run_main:81:12)
    at node:internal/main/run_main_module:23:47
2023-09-11T03:46:08.697Z [info] litening on https://0.0.0.0:443
2023-09-11T03:46:18.319Z [info] litening on https://0.0.0.0:443
2023-09-11T03:46:44.810Z [info] litening on https://0.0.0.0:443
2023-09-11T03:47:03.843Z [info] litening on https://0.0.0.0:443
2023-09-11T03:48:55.521Z [info] litening on https://0.0.0.0:443
2023-09-11T03:58:44.506Z [error] uncaughtException: Cannot read properties of undefined (reading 'id')
TypeError: Cannot read properties of undefined (reading 'id')
    at new ClusterAdapter (C:\Users\black\seodev\develope\tikitaka_server\node_modules\@socket.io\cluster-adapter\dist\index.js:61:34)
    at new <anonymous> (C:\Users\black\seodev\develope\tikitaka_server\node_modules\@socket.io\cluster-adapter\dist\index.js:40:16)
    at Namespace._initAdapter (C:\Users\black\seodev\develope\tikitaka_server\node_modules\socket.io\dist\namespace.js:93:24)
    at Server.adapter (C:\Users\black\seodev\develope\tikitaka_server\node_modules\socket.io\dist\index.js:188:17)
    at Object.<anonymous> (C:\Users\black\seodev\develope\tikitaka_server\server.js:37:4)
    at Module._compile (node:internal/modules/cjs/loader:1256:14)
    at Module._extensions..js (node:internal/modules/cjs/loader:1310:10)
    at Module.load (node:internal/modules/cjs/loader:1119:32)
    at Module._load (node:internal/modules/cjs/loader:960:12)
    at Function.executeUserEntryPoint [as runMain] (node:internal/modules/run_main:81:12)
2023-09-11T03:58:52.681Z [info] litening on https://0.0.0.0:443
2023-09-11T03:58:55.201Z [error] uncaughtException: Cannot read properties of undefined (reading 'id')
TypeError: Cannot read properties of undefined (reading 'id')
    at new ClusterAdapter (C:\Users\black\seodev\develope\tikitaka_server\node_modules\@socket.io\cluster-adapter\dist\index.js:61:34)
    at new <anonymous> (C:\Users\black\seodev\develope\tikitaka_server\node_modules\@socket.io\cluster-adapter\dist\index.js:40:16)
    at Namespace._initAdapter (C:\Users\black\seodev\develope\tikitaka_server\node_modules\socket.io\dist\namespace.js:93:24)
    at Server.adapter (C:\Users\black\seodev\develope\tikitaka_server\node_modules\socket.io\dist\index.js:188:17)
    at Object.<anonymous> (C:\Users\black\seodev\develope\tikitaka_server\server.js:37:4)
    at Module._compile (node:internal/modules/cjs/loader:1256:14)
    at Module._extensions..js (node:internal/modules/cjs/loader:1310:10)
    at Module.load (node:internal/modules/cjs/loader:1119:32)
    at Module._load (node:internal/modules/cjs/loader:960:12)
    at Function.executeUserEntryPoint [as runMain] (node:internal/modules/run_main:81:12)
2023-09-11T03:59:22.809Z [info] litening on https://0.0.0.0:443
2023-09-11T03:59:22.883Z [info] litening on https://0.0.0.0:443
2023-09-11T03:59:22.939Z [info] litening on https://0.0.0.0:443
2023-09-11T03:59:42.131Z [info] GET 200 / 6.158 ms
2023-09-11T03:59:42.164Z [info] GET 200 /bundle.js 2.195 ms
2023-09-11T03:59:46.864Z [info] GET 200 / 1.722 ms
2023-09-11T03:59:46.927Z [info] GET 304 /bundle.js 1.387 ms
2023-09-11T04:08:59.055Z [info] litening on https://0.0.0.0:443
2023-09-11T04:08:59.128Z [info] litening on https://0.0.0.0:443
2023-09-11T04:08:59.182Z [info] litening on https://0.0.0.0:443
2023-09-11T04:09:14.800Z [info] GET 200 / 4.480 ms
2023-09-11T04:09:14.833Z [info] GET 200 /bundle.js 2.008 ms
2023-09-11T04:09:14.911Z [info] GET 200 /img/common/tikitaka.png 2.943 ms
2023-09-11T04:09:14.914Z [info] GET 200 /img/profile/profile.png 1.007 ms
2023-09-11T04:09:14.933Z [info] GET 200 /auth/getUserInfo 5.688 ms
2023-09-11T04:09:14.980Z [info] GET 200 /img/common/google.png 3.517 ms
2023-09-11T04:09:14.986Z [info] GET 200 /img/common/github.png 4.063 ms
2023-09-11T04:09:14.988Z [info] GET 200 /img/common/kakao.png 4.705 ms
2023-09-11T04:09:14.989Z [info] GET 200 /img/common/naver.png 3.234 ms
2023-09-11T04:09:15.005Z [info] GET 200 /img/common/login_main.jpg 4.837 ms
2023-09-11T04:09:15.010Z [info] GET 200 /get/menus 82.887 ms
2023-09-11T04:09:15.012Z [info] GET 200 /fonts/DancingScript-VariableFont_wght.ttf 5.190 ms
2023-09-11T04:09:15.013Z [info] GET 200 /img/common/tikitaka.ico 6.684 ms
2023-09-11T04:09:15.014Z [info] GET 200 /fonts/Freehand-Regular.ttf 5.117 ms
2023-09-11T04:09:15.015Z [info] GET 200 /img/common/tikitaka.ico 1.574 ms
2023-09-11T04:09:32.122Z [info] POST 200 /auth/compare 118.574 ms
2023-09-11T04:09:32.146Z [info] GET 200 /auth/getUserInfo 7.583 ms
2023-09-11T04:09:32.166Z [info] GET 200 /img/profile/profile.png 1.177 ms
2023-09-11T04:09:32.192Z [info] GET 200 /service-worker.js 7.879 ms
2023-09-11T04:09:32.209Z [info] GET 200 /get/alarm/count?target=65 37.649 ms
2023-09-11T04:09:33.596Z [info] [3fIO9GLgrNwpWtJ8AAAC] user connected
2023-09-11T04:09:33.599Z [info] [3fIO9GLgrNwpWtJ8AAAC] user disconnected
2023-09-11T04:09:34.204Z [info] [t-SkrjuW20LexS0kAAAE] user connected
2023-09-11T04:09:34.642Z [info] GET 200 /get/chat/list?creator=65 23.947 ms
2023-09-11T04:09:34.654Z [info] GET 200 /img/profile/r_1693558485722_26ffdde9810a84e6e9cb782b7bb0eef5_t.jpeg 2.004 ms
2023-09-11T04:09:34.656Z [info] GET 200 /img/profile/1691052696447_tikitaka-mini.png 2.037 ms
2023-09-11T04:09:34.677Z [info] GET 200 /get/chat/unReadCount?chatId=eLbTp_bn&creator=65 6.647 ms
2023-09-11T04:09:34.680Z [info] GET 200 /get/chat/unReadCount?chatId=zxPVnN2H&creator=65 6.671 ms
2023-09-11T04:09:34.691Z [info] GET 200 /get/chat/unReadCount?chatId=ysrFPb1I&creator=65 21.554 ms
2023-09-11T04:09:34.692Z [info] GET 200 /get/chat/unReadCount?chatId=VmVv8Dho&creator=65 22.333 ms
2023-09-11T04:09:35.578Z [info] [NtSdNm8KsqKo6xmAAAAB] user connected
2023-09-11T04:09:43.388Z [info] GET 200 /get/chat/message?&chatId=eLbTp_bn&limit=30 11.881 ms
2023-09-11T04:09:43.397Z [info] POST 200 /post/chat/unRead/update 25.849 ms
2023-09-11T04:09:43.397Z [info] GET 200 /get/chat?chatId=eLbTp_bn&creator=65 21.512 ms
2023-09-11T04:09:43.428Z [info] GET 200 /get/chat/unReadCount?chatId=eLbTp_bn&creator=65 2.982 ms
2023-09-11T04:10:01.648Z [info] GET 200 / 2.146 ms
2023-09-11T04:10:01.666Z [info] GET 200 /bundle.js 2.020 ms
2023-09-11T04:10:01.753Z [info] GET 200 /img/common/tikitaka-mini.png 4.325 ms
2023-09-11T04:10:01.756Z [info] GET 200 /img/profile/profile.png 1.268 ms
2023-09-11T04:10:01.765Z [info] GET 200 /auth/getUserInfo 1.476 ms
2023-09-11T04:10:01.768Z [info] GET 200 /get/menus 4.413 ms
2023-09-11T04:10:01.791Z [info] GET 200 /img/common/tikitaka.png 6.065 ms
2023-09-11T04:10:01.793Z [info] GET 200 /img/common/google.png 6.145 ms
2023-09-11T04:10:01.795Z [info] GET 200 /img/common/kakao.png 2.244 ms
2023-09-11T04:10:01.795Z [info] GET 200 /img/common/naver.png 2.106 ms
2023-09-11T04:10:01.801Z [info] GET 200 /img/common/login_main.jpg 2.872 ms
2023-09-11T04:10:01.806Z [info] GET 200 /img/common/github.png 4.568 ms
2023-09-11T04:10:01.812Z [info] GET 200 /fonts/Freehand-Regular.ttf 1.512 ms
2023-09-11T04:10:02.041Z [info] GET 200 /img/common/tikitaka.ico 1.278 ms
2023-09-11T04:10:06.909Z [info] POST 200 /auth/compare 124.055 ms
2023-09-11T04:10:06.920Z [info] GET 200 /auth/getUserInfo 4.877 ms
2023-09-11T04:10:06.922Z [info] GET 200 /img/common/tikitaka.ico 2.116 ms
2023-09-11T04:10:06.937Z [info] GET 200 /img/common/tikitaka-mini.png 2.151 ms
2023-09-11T04:10:06.937Z [info] GET 200 /img/profile/r_1693558485722_26ffdde9810a84e6e9cb782b7bb0eef5_t.jpeg 2.253 ms
2023-09-11T04:10:06.944Z [info] [4k3AniRPIR5nsieSAAAB] user connected
2023-09-11T04:10:06.949Z [info] GET 200 /service-worker.js 2.089 ms
2023-09-11T04:10:06.950Z [info] GET 200 /get/alarm/count?target=41 10.252 ms
2023-09-11T04:10:08.032Z [info] [dw1hOk8kfYSIQco5AAAG] user connected
2023-09-11T04:10:08.340Z [info] GET 200 /fonts/DancingScript-VariableFont_wght.ttf 1.301 ms
2023-09-11T04:10:08.342Z [info] GET 200 /img/common/tikitaka.ico 1.485 ms
2023-09-11T04:10:08.346Z [info] GET 200 /get/chat/list?creator=41 8.771 ms
2023-09-11T04:10:08.357Z [info] GET 200 /img/profile/r_1691074827832_DBhxaXb.jpg 1.491 ms
2023-09-11T04:10:08.357Z [info] GET 200 /img/profile/r_1691233080546_wallpaper_ironman_11.jpg 1.479 ms
2023-09-11T04:10:08.358Z [info] GET 200 /img/profile/profile.png 2.877 ms
2023-09-11T04:10:08.371Z [info] GET 200 /img/profile/1691052696447_tikitaka-mini.png 7.423 ms
2023-09-11T04:10:08.370Z [info] GET 200 /get/chat/unReadCount?chatId=eLbTp_bn&creator=41 7.181 ms
2023-09-11T04:10:08.371Z [info] GET 200 /get/chat/unReadCount?chatId=1BhYvVL2&creator=41 5.638 ms
2023-09-11T04:10:08.375Z [info] GET 200 /get/chat/unReadCount?chatId=9gPE62Mt&creator=41 2.438 ms
2023-09-11T04:10:08.378Z [info] GET 200 /get/chat/unReadCount?chatId=VAFdL2ig&creator=41 6.018 ms
2023-09-11T04:10:08.379Z [info] GET 200 /get/chat/unReadCount?chatId=cxRlYRbv&creator=41 6.376 ms
2023-09-11T04:10:08.392Z [info] GET 200 /get/chat/unReadCount?chatId=X_daJy3K&creator=41 16.305 ms
2023-09-11T04:10:09.227Z [info] [dFpvBU6PxrWrHpO4AAAD] user connected
2023-09-11T04:10:09.606Z [info] POST 200 /post/chat/unRead/update 17.258 ms
2023-09-11T04:10:09.607Z [info] GET 200 /get/chat/message?&chatId=eLbTp_bn&limit=30 18.024 ms
2023-09-11T04:10:09.606Z [info] GET 200 /get/chat?chatId=eLbTp_bn&creator=41 18.138 ms
2023-09-11T04:10:09.622Z [info] GET 200 /get/chat/unReadCount?chatId=eLbTp_bn&creator=41 7.828 ms
2023-09-11T04:10:10.310Z [info] [YKW1jVj8K2hrV3UlAAAF] user connected
2023-09-11T04:10:11.714Z [info] [1FwlIRnmfLffh20MAAAI] user connected
2023-09-11T04:10:12.903Z [info] POST 200 /post/chat/message/add 66.442 ms
2023-09-11T04:10:12.928Z [info] [c6-hHigHe_9cIE1GAAAH] user connected
2023-09-11T04:10:12.933Z [info] [c6-hHigHe_9cIE1GAAAH] user disconnected
2023-09-11T04:10:15.033Z [info] [SS6AnqG4Ky_TVewOAAAJ] user connected
2023-09-11T04:10:15.035Z [info] [SS6AnqG4Ky_TVewOAAAJ] user disconnected
2023-09-11T04:10:16.037Z [info] [tIBimuT9ksrAJVb3AAAL] user connected
2023-09-11T04:10:16.047Z [info] [tIBimuT9ksrAJVb3AAAL] user disconnected
2023-09-11T04:10:17.034Z [info] [Ca8iWolzWqKodxTmAAAN] user connected
2023-09-11T04:10:17.036Z [info] [Ca8iWolzWqKodxTmAAAN] user disconnected
2023-09-11T04:10:19.042Z [info] [MLGKBRt1QwNE9aCyAAAP] user connected
2023-09-11T04:10:19.208Z [info] [t-SkrjuW20LexS0kAAAE] user disconnected
2023-09-11T04:10:21.038Z [info] [0eoP0l3YBPZTx1hPAAAK] user connected
2023-09-11T04:10:33.061Z [info] GET 200 /get/alarm/count?target=65 6.331 ms
2023-09-11T04:10:43.442Z [info] GET 200 /get/chat?chatId=eLbTp_bn&creator=65 5.673 ms
2023-09-11T04:10:44.859Z [info] POST 200 /post/chat/message/add 24.320 ms
2023-09-11T04:10:48.485Z [info] GET 200 /chat 1.736 ms
2023-09-11T04:10:48.496Z [info] [NtSdNm8KsqKo6xmAAAAB] user disconnected
2023-09-11T04:10:48.548Z [info] GET 304 /bundle.js 1.828 ms
2023-09-11T04:10:48.631Z [info] GET 304 /img/common/tikitaka.png 1.384 ms
2023-09-11T04:10:48.634Z [info] GET 304 /img/profile/profile.png 0.599 ms
2023-09-11T04:10:48.648Z [info] GET 304 /fonts/DancingScript-VariableFont_wght.ttf 0.681 ms
2023-09-11T04:10:48.671Z [info] GET 200 /get/menus 7.576 ms
2023-09-11T04:10:48.675Z [info] GET 200 /auth/getUserInfo 3.736 ms
2023-09-11T04:10:48.702Z [info] GET 200 /img/common/tikitaka.ico 0.968 ms
2023-09-11T04:10:48.716Z [info] GET 200 /get/alarm/count?target=65 3.410 ms
2023-09-11T04:10:48.719Z [info] [jgX73nezBrtZfMNFAAAM] user connected
2023-09-11T04:10:48.721Z [info] GET 200 /get/chat/list?creator=65 4.366 ms
2023-09-11T04:10:48.728Z [info] GET 304 /img/profile/r_1693558485722_26ffdde9810a84e6e9cb782b7bb0eef5_t.jpeg 1.868 ms
2023-09-11T04:10:48.729Z [info] GET 304 /img/profile/1691052696447_tikitaka-mini.png 0.901 ms
2023-09-11T04:10:48.758Z [info] GET 200 /get/chat/unReadCount?chatId=eLbTp_bn&creator=65 6.141 ms
2023-09-11T04:10:48.763Z [info] GET 200 /get/chat/unReadCount?chatId=zxPVnN2H&creator=65 3.685 ms
2023-09-11T04:10:48.764Z [info] GET 200 /get/chat/unReadCount?chatId=ysrFPb1I&creator=65 3.482 ms
2023-09-11T04:10:48.776Z [info] GET 200 /get/chat/unReadCount?chatId=VmVv8Dho&creator=65 12.063 ms
2023-09-11T04:10:49.881Z [info] GET 200 /get/chat?chatId=eLbTp_bn&creator=65 3.243 ms
2023-09-11T04:10:49.888Z [info] POST 200 /post/chat/unRead/update 9.483 ms
2023-09-11T04:10:49.889Z [info] GET 200 /get/chat/message?&chatId=eLbTp_bn&limit=30 9.994 ms
2023-09-11T04:10:49.902Z [info] GET 200 /get/chat/unReadCount?chatId=eLbTp_bn&creator=65 4.293 ms
2023-09-11T04:10:51.947Z [info] [4k3AniRPIR5nsieSAAAB] user disconnected
2023-09-11T04:10:53.035Z [info] [dw1hOk8kfYSIQco5AAAG] user disconnected
2023-09-11T04:10:53.993Z [info] POST 200 /post/chat/message/add 25.018 ms
2023-09-11T04:10:54.245Z [info] [dFpvBU6PxrWrHpO4AAAD] user disconnected
2023-09-11T04:10:55.322Z [info] [YKW1jVj8K2hrV3UlAAAF] user disconnected
2023-09-11T04:10:56.721Z [info] [1FwlIRnmfLffh20MAAAI] user disconnected
2023-09-11T04:11:04.035Z [info] [MLGKBRt1QwNE9aCyAAAP] user disconnected
2023-09-11T04:11:06.969Z [info] GET 200 /get/alarm/count?target=41 1.522 ms
2023-09-11T04:11:09.646Z [info] GET 200 /get/chat?chatId=eLbTp_bn&creator=41 11.579 ms
2023-09-11T04:11:15.038Z [info] [9WVBF3lTZVhCG0wvAAAR] user connected
2023-09-11T04:11:16.044Z [info] [MbvPb-oF5FUS-LcqAAAO] user connected
2023-09-11T04:11:17.042Z [info] [nOReRIapMwoWt69BAAAT] user connected
2023-09-11T04:11:17.047Z [info] [nOReRIapMwoWt69BAAAT] user disconnected
2023-09-11T04:11:19.038Z [info] [eMekw6ZAWgMNOWS7AAAV] user connected
2023-09-11T04:11:49.062Z [info] GET 200 /get/alarm/count?target=65 5.869 ms
2023-09-11T04:11:50.045Z [info] GET 200 /get/chat?chatId=eLbTp_bn&creator=65 8.211 ms
2023-09-11T04:11:55.281Z [info] [0eoP0l3YBPZTx1hPAAAK] send Typing To [jgX73nezBrtZfMNFAAAM]
2023-09-11T04:11:55.357Z [info] [0eoP0l3YBPZTx1hPAAAK] send Typing To [jgX73nezBrtZfMNFAAAM]
2023-09-11T04:11:55.364Z [info] [0eoP0l3YBPZTx1hPAAAK] user disconnected
2023-09-11T04:11:56.450Z [info] [eMekw6ZAWgMNOWS7AAAV] user disconnected
2023-09-11T04:11:58.743Z [info] [jgX73nezBrtZfMNFAAAM] user disconnected
2023-09-11T04:12:00.052Z [info] [9WVBF3lTZVhCG0wvAAAR] user disconnected
2023-09-11T04:12:01.056Z [info] [MbvPb-oF5FUS-LcqAAAO] user disconnected
